<?xml version="1.0" encoding="UTF-8"?>
<!-- Generated by org.testng.reporters.JUnitReportReporter -->
<testsuite hostname="DESKTOP-6AFPICQ" failures="0" tests="13" name="framework.test.GuestOrder_LineTypeCoupon_US_PartyLite" time="2120.238" errors="4" timestamp="2021-08-19T17:57:14 IST" skipped="8">
  <testcase classname="framework.test.GuestOrder_LineTypeCoupon_US_PartyLite" name="createGuestOrderLT" time="155.175">
    <skipped/>
  </testcase> <!-- createGuestOrderLT -->
  <testcase classname="framework.test.GuestOrder_LineTypeCoupon_US_PartyLite" name="createGuestOrderLT" time="572.638"/>
  <testcase classname="framework.test.GuestOrder_LineTypeCoupon_US_PartyLite" name="createGuestOrderLT" time="105.104">
    <skipped/>
  </testcase> <!-- createGuestOrderLT -->
  <testcase classname="framework.test.GuestOrder_LineTypeCoupon_US_PartyLite" name="createGuestOrderLT" time="108.405">
    <skipped/>
  </testcase> <!-- createGuestOrderLT -->
  <testcase classname="framework.test.GuestOrder_LineTypeCoupon_US_PartyLite" name="createGuestOrderLT" time="110.374">
    <skipped/>
  </testcase> <!-- createGuestOrderLT -->
  <testcase classname="framework.test.GuestOrder_LineTypeCoupon_US_PartyLite" name="createGuestOrderLT" time="129.690">
    <error type="java.lang.RuntimeException">
      <![CDATA[java.lang.RuntimeException
at framework.utils.Reports.reportStep(Reports.java:72)
at framework.utils.Reports.reportStep(Reports.java:82)
at framework.test.GuestOrder_LineTypeCoupon_US_PartyLite.createGuestOrderLT(GuestOrder_LineTypeCoupon_US_PartyLite.java:96)
at java.base/jdk.internal.reflect.NativeMethodAccessorImpl.invoke0(Native Method)
at java.base/jdk.internal.reflect.NativeMethodAccessorImpl.invoke(NativeMethodAccessorImpl.java:62)
at java.base/jdk.internal.reflect.DelegatingMethodAccessorImpl.invoke(DelegatingMethodAccessorImpl.java:43)
at java.base/java.lang.reflect.Method.invoke(Method.java:564)
at org.testng.internal.MethodInvocationHelper.invokeMethod(MethodInvocationHelper.java:133)
at org.testng.internal.TestInvoker.invokeMethod(TestInvoker.java:584)
at org.testng.internal.TestInvoker.retryFailed(TestInvoker.java:204)
at org.testng.internal.TestMethodWithDataProviderMethodWorker.call(TestMethodWithDataProviderMethodWorker.java:94)
at org.testng.internal.TestMethodWithDataProviderMethodWorker.call(TestMethodWithDataProviderMethodWorker.java:15)
at java.base/java.util.concurrent.FutureTask.run(FutureTask.java:264)
at java.base/java.util.concurrent.Executors$RunnableAdapter.call(Executors.java:515)
at java.base/java.util.concurrent.FutureTask.run(FutureTask.java:264)
at java.base/java.util.concurrent.ThreadPoolExecutor.runWorker(ThreadPoolExecutor.java:1130)
at java.base/java.util.concurrent.ThreadPoolExecutor$Worker.run(ThreadPoolExecutor.java:630)
at java.base/java.lang.Thread.run(Thread.java:832)
]]>
    </error>
  </testcase> <!-- createGuestOrderLT -->
  <testcase classname="framework.test.GuestOrder_LineTypeCoupon_US_PartyLite" name="createGuestOrderLT" time="102.121">
    <skipped/>
  </testcase> <!-- createGuestOrderLT -->
  <testcase classname="framework.test.GuestOrder_LineTypeCoupon_US_PartyLite" name="createGuestOrderLT" time="99.737">
    <skipped/>
  </testcase> <!-- createGuestOrderLT -->
  <testcase classname="framework.test.GuestOrder_LineTypeCoupon_US_PartyLite" name="createGuestOrderLT" time="139.701">
    <error type="java.lang.RuntimeException">
      <![CDATA[java.lang.RuntimeException
at framework.utils.Reports.reportStep(Reports.java:72)
at framework.utils.Reports.reportStep(Reports.java:82)
at framework.test.GuestOrder_LineTypeCoupon_US_PartyLite.createGuestOrderLT(GuestOrder_LineTypeCoupon_US_PartyLite.java:96)
at java.base/jdk.internal.reflect.NativeMethodAccessorImpl.invoke0(Native Method)
at java.base/jdk.internal.reflect.NativeMethodAccessorImpl.invoke(NativeMethodAccessorImpl.java:62)
at java.base/jdk.internal.reflect.DelegatingMethodAccessorImpl.invoke(DelegatingMethodAccessorImpl.java:43)
at java.base/java.lang.reflect.Method.invoke(Method.java:564)
at org.testng.internal.MethodInvocationHelper.invokeMethod(MethodInvocationHelper.java:133)
at org.testng.internal.TestInvoker.invokeMethod(TestInvoker.java:584)
at org.testng.internal.TestInvoker.retryFailed(TestInvoker.java:204)
at org.testng.internal.TestMethodWithDataProviderMethodWorker.call(TestMethodWithDataProviderMethodWorker.java:94)
at org.testng.internal.TestMethodWithDataProviderMethodWorker.call(TestMethodWithDataProviderMethodWorker.java:15)
at java.base/java.util.concurrent.FutureTask.run(FutureTask.java:264)
at java.base/java.util.concurrent.Executors$RunnableAdapter.call(Executors.java:515)
at java.base/java.util.concurrent.FutureTask.run(FutureTask.java:264)
at java.base/java.util.concurrent.ThreadPoolExecutor.runWorker(ThreadPoolExecutor.java:1130)
at java.base/java.util.concurrent.ThreadPoolExecutor$Worker.run(ThreadPoolExecutor.java:630)
at java.base/java.lang.Thread.run(Thread.java:832)
]]>
    </error>
  </testcase> <!-- createGuestOrderLT -->
  <testcase classname="framework.test.GuestOrder_LineTypeCoupon_US_PartyLite" name="createGuestOrderLT" time="117.291">
    <error type="java.lang.RuntimeException">
      <![CDATA[java.lang.RuntimeException
at framework.utils.Reports.reportStep(Reports.java:72)
at framework.utils.Reports.reportStep(Reports.java:82)
at framework.test.GuestOrder_LineTypeCoupon_US_PartyLite.createGuestOrderLT(GuestOrder_LineTypeCoupon_US_PartyLite.java:96)
at java.base/jdk.internal.reflect.NativeMethodAccessorImpl.invoke0(Native Method)
at java.base/jdk.internal.reflect.NativeMethodAccessorImpl.invoke(NativeMethodAccessorImpl.java:62)
at java.base/jdk.internal.reflect.DelegatingMethodAccessorImpl.invoke(DelegatingMethodAccessorImpl.java:43)
at java.base/java.lang.reflect.Method.invoke(Method.java:564)
at org.testng.internal.MethodInvocationHelper.invokeMethod(MethodInvocationHelper.java:133)
at org.testng.internal.TestInvoker.invokeMethod(TestInvoker.java:584)
at org.testng.internal.TestInvoker.retryFailed(TestInvoker.java:204)
at org.testng.internal.TestMethodWithDataProviderMethodWorker.call(TestMethodWithDataProviderMethodWorker.java:94)
at org.testng.internal.TestMethodWithDataProviderMethodWorker.call(TestMethodWithDataProviderMethodWorker.java:15)
at java.base/java.util.concurrent.FutureTask.run(FutureTask.java:264)
at java.base/java.util.concurrent.Executors$RunnableAdapter.call(Executors.java:515)
at java.base/java.util.concurrent.FutureTask.run(FutureTask.java:264)
at java.base/java.util.concurrent.ThreadPoolExecutor.runWorker(ThreadPoolExecutor.java:1130)
at java.base/java.util.concurrent.ThreadPoolExecutor$Worker.run(ThreadPoolExecutor.java:630)
at java.base/java.lang.Thread.run(Thread.java:832)
]]>
    </error>
  </testcase> <!-- createGuestOrderLT -->
  <testcase classname="framework.test.GuestOrder_LineTypeCoupon_US_PartyLite" name="createGuestOrderLT" time="158.405">
    <skipped/>
  </testcase> <!-- createGuestOrderLT -->
  <testcase classname="framework.test.GuestOrder_LineTypeCoupon_US_PartyLite" name="createGuestOrderLT" time="187.881">
    <skipped/>
  </testcase> <!-- createGuestOrderLT -->
  <testcase classname="framework.test.GuestOrder_LineTypeCoupon_US_PartyLite" name="createGuestOrderLT" time="133.716">
    <error type="java.lang.RuntimeException">
      <![CDATA[java.lang.RuntimeException
at framework.utils.Reports.reportStep(Reports.java:72)
at framework.utils.Reports.reportStep(Reports.java:82)
at framework.test.GuestOrder_LineTypeCoupon_US_PartyLite.createGuestOrderLT(GuestOrder_LineTypeCoupon_US_PartyLite.java:96)
at java.base/jdk.internal.reflect.NativeMethodAccessorImpl.invoke0(Native Method)
at java.base/jdk.internal.reflect.NativeMethodAccessorImpl.invoke(NativeMethodAccessorImpl.java:62)
at java.base/jdk.internal.reflect.DelegatingMethodAccessorImpl.invoke(DelegatingMethodAccessorImpl.java:43)
at java.base/java.lang.reflect.Method.invoke(Method.java:564)
at org.testng.internal.MethodInvocationHelper.invokeMethod(MethodInvocationHelper.java:133)
at org.testng.internal.TestInvoker.invokeMethod(TestInvoker.java:584)
at org.testng.internal.TestInvoker.retryFailed(TestInvoker.java:204)
at org.testng.internal.TestMethodWithDataProviderMethodWorker.call(TestMethodWithDataProviderMethodWorker.java:94)
at org.testng.internal.TestMethodWithDataProviderMethodWorker.call(TestMethodWithDataProviderMethodWorker.java:15)
at java.base/java.util.concurrent.FutureTask.run(FutureTask.java:264)
at java.base/java.util.concurrent.Executors$RunnableAdapter.call(Executors.java:515)
at java.base/java.util.concurrent.FutureTask.run(FutureTask.java:264)
at java.base/java.util.concurrent.ThreadPoolExecutor.runWorker(ThreadPoolExecutor.java:1130)
at java.base/java.util.concurrent.ThreadPoolExecutor$Worker.run(ThreadPoolExecutor.java:630)
at java.base/java.lang.Thread.run(Thread.java:832)
]]>
    </error>
  </testcase> <!-- createGuestOrderLT -->
</testsuite> <!-- framework.test.GuestOrder_LineTypeCoupon_US_PartyLite -->
